{
  "stats": {
    "suites": 1,
    "tests": 2,
    "passes": 2,
    "pending": 0,
    "failures": 0,
    "start": "2022-01-02T14:23:59.714Z",
    "end": "2022-01-02T14:24:26.550Z",
    "duration": 26836,
    "testsRegistered": 2,
    "passPercent": 100,
    "pendingPercent": 0,
    "other": 0,
    "hasOther": false,
    "skipped": 0,
    "hasSkipped": false
  },
  "results": [
    {
      "uuid": "9b03a9ae-19dd-4858-9e84-7d27dccf4037",
      "title": "",
      "fullFile": "cypress/integration/features/openNewAccount.feature",
      "file": "cypress/integration/features/openNewAccount.feature",
      "beforeHooks": [],
      "afterHooks": [],
      "tests": [],
      "suites": [
        {
          "uuid": "2254bc43-0194-4f3a-8870-c6ea0fdc7500",
          "title": "Open New Account",
          "fullFile": "",
          "file": "",
          "beforeHooks": [],
          "afterHooks": [],
          "tests": [
            {
              "title": "Open a new checking account",
              "fullTitle": "Open New Account Open a new checking account",
              "timedOut": null,
              "duration": 12829,
              "state": "passed",
              "speed": "slow",
              "pass": true,
              "fail": false,
              "pending": false,
              "context": null,
              "code": "const state = window.testState;\nreturn cy\n  .then(() => state.onStartScenario(scenario, indexedSteps))\n  .then(() =>\n    resolveAndRunBeforeHooks.call(this, scenario.tags, state.feature.name)\n  )\n  .then(() =>\n    indexedSteps.forEach((step) =>\n      stepTest.call(this, state, step, rowData)\n    )\n  )\n  .then(() => state.onFinishScenario(scenario));",
              "err": {},
              "uuid": "27ef5469-f9b4-4c3d-949f-fbd39a2833e9",
              "parentUUID": "2254bc43-0194-4f3a-8870-c6ea0fdc7500",
              "isHook": false,
              "skipped": false
            },
            {
              "title": "Open a new savings account",
              "fullTitle": "Open New Account Open a new savings account",
              "timedOut": null,
              "duration": 10326,
              "state": "passed",
              "speed": "slow",
              "pass": true,
              "fail": false,
              "pending": false,
              "context": null,
              "code": "const state = window.testState;\nreturn cy\n  .then(() => state.onStartScenario(scenario, indexedSteps))\n  .then(() =>\n    resolveAndRunBeforeHooks.call(this, scenario.tags, state.feature.name)\n  )\n  .then(() =>\n    indexedSteps.forEach((step) =>\n      stepTest.call(this, state, step, rowData)\n    )\n  )\n  .then(() => state.onFinishScenario(scenario));",
              "err": {},
              "uuid": "35b01473-8a1a-43ab-beec-197551339134",
              "parentUUID": "2254bc43-0194-4f3a-8870-c6ea0fdc7500",
              "isHook": false,
              "skipped": false
            }
          ],
          "suites": [],
          "passes": [
            "27ef5469-f9b4-4c3d-949f-fbd39a2833e9",
            "35b01473-8a1a-43ab-beec-197551339134"
          ],
          "failures": [],
          "pending": [],
          "skipped": [],
          "duration": 23155,
          "root": false,
          "rootEmpty": false,
          "_timeout": 2000
        }
      ],
      "passes": [],
      "failures": [],
      "pending": [],
      "skipped": [],
      "duration": 0,
      "root": true,
      "rootEmpty": true,
      "_timeout": 2000
    }
  ],
  "meta": {
    "mocha": {
      "version": "7.0.1"
    },
    "mochawesome": {
      "options": {
        "quiet": false,
        "reportFilename": "mochawesome",
        "saveHtml": true,
        "saveJson": true,
        "consoleReporter": "spec",
        "useInlineDiffs": false,
        "code": true
      },
      "version": "7.0.1"
    },
    "marge": {
      "options": {
        "reportDir": "Mochawesomereports/mochawesome-report",
        "overwrite": true,
        "html": true,
        "json": true,
        "timestamp": "mmddyyyy_HHMMss"
      },
      "version": "6.0.1"
    }
  }
}