{
  "stats": {
    "suites": 1,
    "tests": 2,
    "passes": 0,
    "pending": 0,
    "failures": 2,
    "start": "2022-01-08T12:37:01.298Z",
    "end": "2022-01-08T12:37:34.238Z",
    "duration": 32940,
    "testsRegistered": 2,
    "passPercent": 0,
    "pendingPercent": 0,
    "other": 0,
    "hasOther": false,
    "skipped": 0,
    "hasSkipped": false
  },
  "results": [
    {
      "uuid": "731c9fc8-5141-4ca0-9bdf-d104ff2b6b13",
      "title": "",
      "fullFile": "cypress/integration/features/login.feature",
      "file": "cypress/integration/features/login.feature",
      "beforeHooks": [],
      "afterHooks": [],
      "tests": [],
      "suites": [
        {
          "uuid": "be36cdda-f57f-48ca-bdd3-5379aea12dd8",
          "title": "Login",
          "fullFile": "",
          "file": "",
          "beforeHooks": [],
          "afterHooks": [],
          "tests": [
            {
              "title": "Valid User Login",
              "fullTitle": "Login Valid User Login",
              "timedOut": null,
              "duration": 14056,
              "state": "failed",
              "speed": null,
              "pass": false,
              "fail": true,
              "pending": false,
              "context": null,
              "code": "const state = window.testState;\nreturn cy\n  .then(() => state.onStartScenario(scenario, indexedSteps))\n  .then(() =>\n    resolveAndRunBeforeHooks.call(this, scenario.tags, state.feature.name)\n  )\n  .then(() =>\n    indexedSteps.forEach((step) =>\n      stepTest.call(this, state, step, rowData)\n    )\n  )\n  .then(() => state.onFinishScenario(scenario));",
              "err": {
                "message": "AssertionError: Timed out retrying after 4000ms: expected 'ParaBank | Error' to include 'ParaBank | Accounts Overview'",
                "estack": "AssertionError: Timed out retrying after 4000ms: expected 'ParaBank | Error' to include 'ParaBank | Accounts Overview'\n    at Context.eval (https://parabank.parasoft.com/__cypress/tests?p=cypress\\integration\\features\\login.feature:306:14)\n    at Context.resolveAndRunStepDefinition (https://parabank.parasoft.com/__cypress/tests?p=cypress\\integration\\features\\login.feature:10810:29)\n    at Context.eval (https://parabank.parasoft.com/__cypress/tests?p=cypress\\integration\\features\\login.feature:10131:35)",
                "diff": null
              },
              "uuid": "86970f8b-5f16-40da-9cfc-a79577ad18b2",
              "parentUUID": "be36cdda-f57f-48ca-bdd3-5379aea12dd8",
              "isHook": false,
              "skipped": false
            },
            {
              "title": "Invalid User Login",
              "fullTitle": "Login Invalid User Login",
              "timedOut": null,
              "duration": 12640,
              "state": "failed",
              "speed": null,
              "pass": false,
              "fail": true,
              "pending": false,
              "context": null,
              "code": "const state = window.testState;\nreturn cy\n  .then(() => state.onStartScenario(scenario, indexedSteps))\n  .then(() =>\n    resolveAndRunBeforeHooks.call(this, scenario.tags, state.feature.name)\n  )\n  .then(() =>\n    indexedSteps.forEach((step) =>\n      stepTest.call(this, state, step, rowData)\n    )\n  )\n  .then(() => state.onFinishScenario(scenario));",
              "err": {
                "message": "AssertionError: Timed out retrying after 4000ms: expected 'ParaBank | Error' to include 'ParaBank | Accounts Overview'",
                "estack": "AssertionError: Timed out retrying after 4000ms: expected 'ParaBank | Error' to include 'ParaBank | Accounts Overview'\n    at Context.eval (https://parabank.parasoft.com/__cypress/tests?p=cypress\\integration\\features\\login.feature:306:14)\n    at Context.resolveAndRunStepDefinition (https://parabank.parasoft.com/__cypress/tests?p=cypress\\integration\\features\\login.feature:10810:29)\n    at Context.eval (https://parabank.parasoft.com/__cypress/tests?p=cypress\\integration\\features\\login.feature:10131:35)",
                "diff": null
              },
              "uuid": "de271c27-3d00-4f78-af16-19f6230d4160",
              "parentUUID": "be36cdda-f57f-48ca-bdd3-5379aea12dd8",
              "isHook": false,
              "skipped": false
            }
          ],
          "suites": [],
          "passes": [],
          "failures": [
            "86970f8b-5f16-40da-9cfc-a79577ad18b2",
            "de271c27-3d00-4f78-af16-19f6230d4160"
          ],
          "pending": [],
          "skipped": [],
          "duration": 26696,
          "root": false,
          "rootEmpty": false,
          "_timeout": 2000
        }
      ],
      "passes": [],
      "failures": [],
      "pending": [],
      "skipped": [],
      "duration": 0,
      "root": true,
      "rootEmpty": true,
      "_timeout": 2000
    }
  ],
  "meta": {
    "mocha": {
      "version": "7.0.1"
    },
    "mochawesome": {
      "options": {
        "quiet": false,
        "reportFilename": "mochawesome",
        "saveHtml": true,
        "saveJson": true,
        "consoleReporter": "spec",
        "useInlineDiffs": false,
        "code": true
      },
      "version": "7.0.1"
    },
    "marge": {
      "options": {
        "reportDir": "cypress/Mochawesomereports/mochawesome-report",
        "overwrite": true,
        "html": true,
        "json": true,
        "timestamp": "mmddyyyy_HHMMss"
      },
      "version": "6.0.1"
    }
  }
}