{
  "stats": {
    "suites": 1,
    "tests": 2,
    "passes": 0,
    "pending": 0,
    "failures": 2,
    "start": "2022-01-12T10:03:56.050Z",
    "end": "2022-01-12T10:04:17.755Z",
    "duration": 21705,
    "testsRegistered": 2,
    "passPercent": 0,
    "pendingPercent": 0,
    "other": 0,
    "hasOther": false,
    "skipped": 0,
    "hasSkipped": false
  },
  "results": [
    {
      "uuid": "06ce2508-4561-46dc-9d2c-c43e239137be",
      "title": "",
      "fullFile": "cypress/integration/features/openNewAccount.feature",
      "file": "cypress/integration/features/openNewAccount.feature",
      "beforeHooks": [],
      "afterHooks": [],
      "tests": [],
      "suites": [
        {
          "uuid": "7d46b3e2-098c-450c-aa8f-1d1349ac27f5",
          "title": "Open New Account",
          "fullFile": "",
          "file": "",
          "beforeHooks": [],
          "afterHooks": [],
          "tests": [
            {
              "title": "Open a new checking account",
              "fullTitle": "Open New Account Open a new checking account",
              "timedOut": null,
              "duration": 10168,
              "state": "failed",
              "speed": null,
              "pass": false,
              "fail": true,
              "pending": false,
              "context": null,
              "code": "const state = window.testState;\nreturn cy\n  .then(() => state.onStartScenario(scenario, indexedSteps))\n  .then(() =>\n    resolveAndRunBeforeHooks.call(this, scenario.tags, state.feature.name)\n  )\n  .then(() =>\n    indexedSteps.forEach((step) =>\n      stepTest.call(this, state, step, rowData)\n    )\n  )\n  .then(() => state.onFinishScenario(scenario));",
              "err": {
                "message": "AssertionError: Timed out retrying after 4000ms: Expected to find element: `#leftPanel > ul > :nth-child(1) > a`, but never found it.",
                "estack": "AssertionError: Timed out retrying after 4000ms: Expected to find element: `#leftPanel > ul > :nth-child(1) > a`, but never found it.\n    at homePage.openNewAccountLink (https://parabank.parasoft.com/__cypress/tests?p=cypress\\integration\\features\\openNewAccount.feature:63:17)\n    at homePage.clickOnOpenNewAccountLink (https://parabank.parasoft.com/__cypress/tests?p=cypress\\integration\\features\\openNewAccount.feature:73:12)\n    at Context.eval (https://parabank.parasoft.com/__cypress/tests?p=cypress\\integration\\features\\openNewAccount.feature:328:12)\n    at Context.resolveAndRunStepDefinition (https://parabank.parasoft.com/__cypress/tests?p=cypress\\integration\\features\\openNewAccount.feature:10810:29)\n    at Context.eval (https://parabank.parasoft.com/__cypress/tests?p=cypress\\integration\\features\\openNewAccount.feature:10131:35)",
                "diff": null
              },
              "uuid": "82d725cf-8cd5-4d4b-9fc6-bb3fe8f20b79",
              "parentUUID": "7d46b3e2-098c-450c-aa8f-1d1349ac27f5",
              "isHook": false,
              "skipped": false
            },
            {
              "title": "Open a new savings account",
              "fullTitle": "Open New Account Open a new savings account",
              "timedOut": null,
              "duration": 8008,
              "state": "failed",
              "speed": null,
              "pass": false,
              "fail": true,
              "pending": false,
              "context": null,
              "code": "const state = window.testState;\nreturn cy\n  .then(() => state.onStartScenario(scenario, indexedSteps))\n  .then(() =>\n    resolveAndRunBeforeHooks.call(this, scenario.tags, state.feature.name)\n  )\n  .then(() =>\n    indexedSteps.forEach((step) =>\n      stepTest.call(this, state, step, rowData)\n    )\n  )\n  .then(() => state.onFinishScenario(scenario));",
              "err": {
                "message": "AssertionError: Timed out retrying after 4000ms: Expected to find element: `#leftPanel > ul > :nth-child(1) > a`, but never found it.",
                "estack": "AssertionError: Timed out retrying after 4000ms: Expected to find element: `#leftPanel > ul > :nth-child(1) > a`, but never found it.\n    at homePage.openNewAccountLink (https://parabank.parasoft.com/__cypress/tests?p=cypress\\integration\\features\\openNewAccount.feature:63:17)\n    at homePage.clickOnOpenNewAccountLink (https://parabank.parasoft.com/__cypress/tests?p=cypress\\integration\\features\\openNewAccount.feature:73:12)\n    at Context.eval (https://parabank.parasoft.com/__cypress/tests?p=cypress\\integration\\features\\openNewAccount.feature:337:12)\n    at Context.resolveAndRunStepDefinition (https://parabank.parasoft.com/__cypress/tests?p=cypress\\integration\\features\\openNewAccount.feature:10810:29)\n    at Context.eval (https://parabank.parasoft.com/__cypress/tests?p=cypress\\integration\\features\\openNewAccount.feature:10131:35)",
                "diff": null
              },
              "uuid": "bf95f7ec-d6d1-40cf-92db-78b24dc37fa4",
              "parentUUID": "7d46b3e2-098c-450c-aa8f-1d1349ac27f5",
              "isHook": false,
              "skipped": false
            }
          ],
          "suites": [],
          "passes": [],
          "failures": [
            "82d725cf-8cd5-4d4b-9fc6-bb3fe8f20b79",
            "bf95f7ec-d6d1-40cf-92db-78b24dc37fa4"
          ],
          "pending": [],
          "skipped": [],
          "duration": 18176,
          "root": false,
          "rootEmpty": false,
          "_timeout": 2000
        }
      ],
      "passes": [],
      "failures": [],
      "pending": [],
      "skipped": [],
      "duration": 0,
      "root": true,
      "rootEmpty": true,
      "_timeout": 2000
    }
  ],
  "meta": {
    "mocha": {
      "version": "7.0.1"
    },
    "mochawesome": {
      "options": {
        "quiet": false,
        "reportFilename": "mochawesome",
        "saveHtml": true,
        "saveJson": true,
        "consoleReporter": "spec",
        "useInlineDiffs": false,
        "code": true
      },
      "version": "7.0.1"
    },
    "marge": {
      "options": {
        "reportDir": "cypress/Mochawesomereports/mochawesome-report",
        "overwrite": true,
        "html": true,
        "json": true,
        "timestamp": "mmddyyyy_HHMMss"
      },
      "version": "6.0.1"
    }
  }
}