{
  "stats": {
    "suites": 1,
    "tests": 1,
    "passes": 0,
    "pending": 0,
    "failures": 1,
    "start": "2022-01-12T10:03:15.468Z",
    "end": "2022-01-12T10:03:36.407Z",
    "duration": 20939,
    "testsRegistered": 1,
    "passPercent": 0,
    "pendingPercent": 0,
    "other": 0,
    "hasOther": false,
    "skipped": 0,
    "hasSkipped": false
  },
  "results": [
    {
      "uuid": "a3422d63-acec-4d82-8e58-ed49e1cc9a10",
      "title": "",
      "fullFile": "cypress/integration/features/login.feature",
      "file": "cypress/integration/features/login.feature",
      "beforeHooks": [],
      "afterHooks": [],
      "tests": [],
      "suites": [
        {
          "uuid": "72eaa7a5-bddc-4005-9082-97771fc0e8d6",
          "title": "Login",
          "fullFile": "",
          "file": "",
          "beforeHooks": [],
          "afterHooks": [],
          "tests": [
            {
              "title": "Valid User Login",
              "fullTitle": "Login Valid User Login",
              "timedOut": null,
              "duration": 15567,
              "state": "failed",
              "speed": null,
              "pass": false,
              "fail": true,
              "pending": false,
              "context": null,
              "code": "const state = window.testState;\nreturn cy\n  .then(() => state.onStartScenario(scenario, indexedSteps))\n  .then(() =>\n    resolveAndRunBeforeHooks.call(this, scenario.tags, state.feature.name)\n  )\n  .then(() =>\n    indexedSteps.forEach((step) =>\n      stepTest.call(this, state, step, rowData)\n    )\n  )\n  .then(() => state.onFinishScenario(scenario));",
              "err": {
                "message": "AssertionError: Timed out retrying after 4000ms: expected 'ParaBank | Error' to include 'ParaBank | Accounts Overview'",
                "estack": "AssertionError: Timed out retrying after 4000ms: expected 'ParaBank | Error' to include 'ParaBank | Accounts Overview'\n    at Context.eval (https://parabank.parasoft.com/__cypress/tests?p=cypress\\integration\\features\\login.feature:306:14)\n    at Context.resolveAndRunStepDefinition (https://parabank.parasoft.com/__cypress/tests?p=cypress\\integration\\features\\login.feature:10810:29)\n    at Context.eval (https://parabank.parasoft.com/__cypress/tests?p=cypress\\integration\\features\\login.feature:10131:35)",
                "diff": null
              },
              "uuid": "5e29ae35-88ef-42c3-ae15-83cf6884231b",
              "parentUUID": "72eaa7a5-bddc-4005-9082-97771fc0e8d6",
              "isHook": false,
              "skipped": false
            }
          ],
          "suites": [],
          "passes": [],
          "failures": [
            "5e29ae35-88ef-42c3-ae15-83cf6884231b"
          ],
          "pending": [],
          "skipped": [],
          "duration": 15567,
          "root": false,
          "rootEmpty": false,
          "_timeout": 2000
        }
      ],
      "passes": [],
      "failures": [],
      "pending": [],
      "skipped": [],
      "duration": 0,
      "root": true,
      "rootEmpty": true,
      "_timeout": 2000
    }
  ],
  "meta": {
    "mocha": {
      "version": "7.0.1"
    },
    "mochawesome": {
      "options": {
        "quiet": false,
        "reportFilename": "mochawesome",
        "saveHtml": true,
        "saveJson": true,
        "consoleReporter": "spec",
        "useInlineDiffs": false,
        "code": true
      },
      "version": "7.0.1"
    },
    "marge": {
      "options": {
        "reportDir": "cypress/Mochawesomereports/mochawesome-report",
        "overwrite": true,
        "html": true,
        "json": true,
        "timestamp": "mmddyyyy_HHMMss"
      },
      "version": "6.0.1"
    }
  }
}