{
  "stats": {
    "suites": 1,
    "tests": 2,
    "passes": 0,
    "pending": 0,
    "failures": 2,
    "start": "2022-01-08T12:37:49.113Z",
    "end": "2022-01-08T12:39:10.775Z",
    "duration": 81662,
    "testsRegistered": 2,
    "passPercent": 0,
    "pendingPercent": 0,
    "other": 0,
    "hasOther": false,
    "skipped": 0,
    "hasSkipped": false
  },
  "results": [
    {
      "uuid": "e8a29d45-95bc-427b-be71-5f98ad465f69",
      "title": "",
      "fullFile": "cypress/integration/features/openNewAccount.feature",
      "file": "cypress/integration/features/openNewAccount.feature",
      "beforeHooks": [],
      "afterHooks": [],
      "tests": [],
      "suites": [
        {
          "uuid": "2cc0a64e-de9f-4b2d-9d24-8bba5d4f994e",
          "title": "Open New Account",
          "fullFile": "",
          "file": "",
          "beforeHooks": [],
          "afterHooks": [],
          "tests": [
            {
              "title": "Open a new checking account",
              "fullTitle": "Open New Account Open a new checking account",
              "timedOut": null,
              "duration": 39662,
              "state": "failed",
              "speed": null,
              "pass": false,
              "fail": true,
              "pending": false,
              "context": null,
              "code": "const state = window.testState;\nreturn cy\n  .then(() => state.onStartScenario(scenario, indexedSteps))\n  .then(() =>\n    resolveAndRunBeforeHooks.call(this, scenario.tags, state.feature.name)\n  )\n  .then(() =>\n    indexedSteps.forEach((step) =>\n      stepTest.call(this, state, step, rowData)\n    )\n  )\n  .then(() => state.onFinishScenario(scenario));",
              "err": {
                "message": "CypressError: `cy.screenshot()` timed out waiting `30000ms` to complete.",
                "estack": "CypressError: `cy.screenshot()` timed out waiting `30000ms` to complete.\n    at https://parabank.parasoft.com/__cypress/runner/cypress_runner.js:159685:81\n    at tryCatcher (https://parabank.parasoft.com/__cypress/runner/cypress_runner.js:13196:23)\n    at https://parabank.parasoft.com/__cypress/runner/cypress_runner.js:8318:41\n    at tryCatcher (https://parabank.parasoft.com/__cypress/runner/cypress_runner.js:13196:23)\n    at Promise._settlePromiseFromHandler (https://parabank.parasoft.com/__cypress/runner/cypress_runner.js:11131:31)\n    at Promise._settlePromise (https://parabank.parasoft.com/__cypress/runner/cypress_runner.js:11188:18)\n    at Promise._settlePromise0 (https://parabank.parasoft.com/__cypress/runner/cypress_runner.js:11233:10)\n    at Promise._settlePromises (https://parabank.parasoft.com/__cypress/runner/cypress_runner.js:11309:18)\n    at _drainQueueStep (https://parabank.parasoft.com/__cypress/runner/cypress_runner.js:7903:12)\n    at _drainQueue (https://parabank.parasoft.com/__cypress/runner/cypress_runner.js:7896:9)\n    at Async.../../node_modules/bluebird/js/release/async.js.Async._drainQueues (https://parabank.parasoft.com/__cypress/runner/cypress_runner.js:7912:5)\n    at Async.drainQueues (https://parabank.parasoft.com/__cypress/runner/cypress_runner.js:7782:14)",
                "diff": null
              },
              "uuid": "1a9845e3-138c-4c9f-977a-1ad0219ce5fe",
              "parentUUID": "2cc0a64e-de9f-4b2d-9d24-8bba5d4f994e",
              "isHook": false,
              "skipped": false
            },
            {
              "title": "Open a new savings account",
              "fullTitle": "Open New Account Open a new savings account",
              "timedOut": null,
              "duration": 39873,
              "state": "failed",
              "speed": null,
              "pass": false,
              "fail": true,
              "pending": false,
              "context": null,
              "code": "const state = window.testState;\nreturn cy\n  .then(() => state.onStartScenario(scenario, indexedSteps))\n  .then(() =>\n    resolveAndRunBeforeHooks.call(this, scenario.tags, state.feature.name)\n  )\n  .then(() =>\n    indexedSteps.forEach((step) =>\n      stepTest.call(this, state, step, rowData)\n    )\n  )\n  .then(() => state.onFinishScenario(scenario));",
              "err": {
                "message": "CypressError: `cy.screenshot()` timed out waiting `30000ms` to complete.",
                "estack": "CypressError: `cy.screenshot()` timed out waiting `30000ms` to complete.\n    at https://parabank.parasoft.com/__cypress/runner/cypress_runner.js:159685:81\n    at tryCatcher (https://parabank.parasoft.com/__cypress/runner/cypress_runner.js:13196:23)\n    at https://parabank.parasoft.com/__cypress/runner/cypress_runner.js:8318:41\n    at tryCatcher (https://parabank.parasoft.com/__cypress/runner/cypress_runner.js:13196:23)\n    at Promise._settlePromiseFromHandler (https://parabank.parasoft.com/__cypress/runner/cypress_runner.js:11131:31)\n    at Promise._settlePromise (https://parabank.parasoft.com/__cypress/runner/cypress_runner.js:11188:18)\n    at Promise._settlePromise0 (https://parabank.parasoft.com/__cypress/runner/cypress_runner.js:11233:10)\n    at Promise._settlePromises (https://parabank.parasoft.com/__cypress/runner/cypress_runner.js:11309:18)\n    at _drainQueueStep (https://parabank.parasoft.com/__cypress/runner/cypress_runner.js:7903:12)\n    at _drainQueue (https://parabank.parasoft.com/__cypress/runner/cypress_runner.js:7896:9)\n    at Async.../../node_modules/bluebird/js/release/async.js.Async._drainQueues (https://parabank.parasoft.com/__cypress/runner/cypress_runner.js:7912:5)\n    at Async.drainQueues (https://parabank.parasoft.com/__cypress/runner/cypress_runner.js:7782:14)",
                "diff": null
              },
              "uuid": "a65898f7-defb-451e-87ea-3ddfbece3dde",
              "parentUUID": "2cc0a64e-de9f-4b2d-9d24-8bba5d4f994e",
              "isHook": false,
              "skipped": false
            }
          ],
          "suites": [],
          "passes": [],
          "failures": [
            "1a9845e3-138c-4c9f-977a-1ad0219ce5fe",
            "a65898f7-defb-451e-87ea-3ddfbece3dde"
          ],
          "pending": [],
          "skipped": [],
          "duration": 79535,
          "root": false,
          "rootEmpty": false,
          "_timeout": 2000
        }
      ],
      "passes": [],
      "failures": [],
      "pending": [],
      "skipped": [],
      "duration": 0,
      "root": true,
      "rootEmpty": true,
      "_timeout": 2000
    }
  ],
  "meta": {
    "mocha": {
      "version": "7.0.1"
    },
    "mochawesome": {
      "options": {
        "quiet": false,
        "reportFilename": "mochawesome",
        "saveHtml": true,
        "saveJson": true,
        "consoleReporter": "spec",
        "useInlineDiffs": false,
        "code": true
      },
      "version": "7.0.1"
    },
    "marge": {
      "options": {
        "reportDir": "cypress/Mochawesomereports/mochawesome-report",
        "overwrite": true,
        "html": true,
        "json": true,
        "timestamp": "mmddyyyy_HHMMss"
      },
      "version": "6.0.1"
    }
  }
}